Using pre-set license
Built from '2021.3/staging' branch; Version is '2021.3.40f1 (6fcab7dbbbc1) revision 7326391'; Using compiler version '192829333'; Build Type 'Release'
OS: 'Windows 11  (10.0.22631) 64bit Professional' Language: 'en' Physical Memory: 15610 MB
BatchMode: 1, IsHumanControllingUs: 0, StartBugReporterOnCrash: 0, Is64bit: 1, IsPro: 1

COMMAND LINE ARGUMENTS:
D:\Software\Unity\2021.3.40f1\Editor\Unity.exe
-adb2
-batchMode
-noUpm
-name
AssetImportWorker0
-projectPath
D:/Scoala/Personal-Projects/Parking Lot/UnitySimulator
-logFile
Logs/AssetImportWorker0.log
-srvPort
61494
Successfully changed project path to: D:/Scoala/Personal-Projects/Parking Lot/UnitySimulator
D:/Scoala/Personal-Projects/Parking Lot/UnitySimulator
[UnityMemory] Configuration Parameters - Can be set up in boot.config
    "memorysetup-bucket-allocator-granularity=16"
    "memorysetup-bucket-allocator-bucket-count=8"
    "memorysetup-bucket-allocator-block-size=33554432"
    "memorysetup-bucket-allocator-block-count=8"
    "memorysetup-main-allocator-block-size=16777216"
    "memorysetup-thread-allocator-block-size=16777216"
    "memorysetup-gfx-main-allocator-block-size=16777216"
    "memorysetup-gfx-thread-allocator-block-size=16777216"
    "memorysetup-cache-allocator-block-size=4194304"
    "memorysetup-typetree-allocator-block-size=2097152"
    "memorysetup-profiler-bucket-allocator-granularity=16"
    "memorysetup-profiler-bucket-allocator-bucket-count=8"
    "memorysetup-profiler-bucket-allocator-block-size=33554432"
    "memorysetup-profiler-bucket-allocator-block-count=8"
    "memorysetup-profiler-allocator-block-size=16777216"
    "memorysetup-profiler-editor-allocator-block-size=1048576"
    "memorysetup-temp-allocator-size-main=16777216"
    "memorysetup-job-temp-allocator-block-size=2097152"
    "memorysetup-job-temp-allocator-block-size-background=1048576"
    "memorysetup-job-temp-allocator-reduction-small-platforms=262144"
    "memorysetup-temp-allocator-size-background-worker=32768"
    "memorysetup-temp-allocator-size-job-worker=262144"
    "memorysetup-temp-allocator-size-preload-manager=33554432"
    "memorysetup-temp-allocator-size-nav-mesh-worker=65536"
    "memorysetup-temp-allocator-size-audio-worker=65536"
    "memorysetup-temp-allocator-size-cloud-worker=32768"
    "memorysetup-temp-allocator-size-gi-baking-worker=262144"
    "memorysetup-temp-allocator-size-gfx=262144"
Player connection [6264] Host "[IP] 192.168.0.100 [Port] 0 [Flags] 2 [Guid] 386352810 [EditorId] 386352810 [Version] 1048832 [Id] WindowsEditor(7,DESKTOP-L7N1APU) [Debug] 1 [PackageName] WindowsEditor [ProjectName] Editor" joined multi-casting on [225.0.0.222:54997]...

Player connection [6264] Host "[IP] 192.168.0.100 [Port] 0 [Flags] 2 [Guid] 386352810 [EditorId] 386352810 [Version] 1048832 [Id] WindowsEditor(7,DESKTOP-L7N1APU) [Debug] 1 [PackageName] WindowsEditor [ProjectName] Editor" joined alternative multi-casting on [225.0.0.222:34997]...

[Physics::Module] Initialized MultithreadedJobDispatcher with {0} workers.
Refreshing native plugins compatible for Editor in 58.67 ms, found 0 plugins.
Preloading 0 native plugins for Editor in 0.00 ms.
Initialize engine version: 2021.3.40f1 (6fcab7dbbbc1)
[Subsystems] Discovering subsystems at path D:/Software/Unity/2021.3.40f1/Editor/Data/Resources/UnitySubsystems
[Subsystems] Discovering subsystems at path D:/Scoala/Personal-Projects/Parking Lot/UnitySimulator/Assets
GfxDevice: creating device client; threaded=0; jobified=0
Direct3D:
    Version:  Direct3D 11.0 [level 11.1]
    Renderer: NVIDIA GeForce RTX 4050 Laptop GPU (ID=0x28e1)
    Vendor:   NVIDIA
    VRAM:     5921 MB
    Driver:   32.0.15.6070
Initialize mono
Mono path[0] = 'D:/Software/Unity/2021.3.40f1/Editor/Data/Managed'
Mono path[1] = 'D:/Software/Unity/2021.3.40f1/Editor/Data/MonoBleedingEdge/lib/mono/unityjit-win32'
Mono config path = 'D:/Software/Unity/2021.3.40f1/Editor/Data/MonoBleedingEdge/etc'
Using monoOptions --debugger-agent=transport=dt_socket,embedding=1,server=y,suspend=n,address=127.0.0.1:56064
Begin MonoManager ReloadAssembly
Registering precompiled unity dll's ...
Register platform support module: D:/Software/Unity/2021.3.40f1/Editor/Data/PlaybackEngines/WindowsStandaloneSupport/UnityEditor.WindowsStandalone.Extensions.dll
Registered in 0.002292 seconds.
Native extension for WindowsStandalone target not found
Refreshing native plugins compatible for Editor in 57.98 ms, found 0 plugins.
Preloading 0 native plugins for Editor in 0.00 ms.
Mono: successfully reloaded assembly
- Completed reload, in  0.554 seconds
Domain Reload Profiling:
	ReloadAssembly (554ms)
		BeginReloadAssembly (69ms)
			ExecutionOrderSort (0ms)
			DisableScriptedObjects (0ms)
			BackupInstance (0ms)
			ReleaseScriptingObjects (0ms)
			CreateAndSetChildDomain (1ms)
		EndReloadAssembly (416ms)
			LoadAssemblies (68ms)
			RebuildTransferFunctionScriptingTraits (0ms)
			SetupTypeCache (82ms)
			ReleaseScriptCaches (0ms)
			RebuildScriptCaches (23ms)
			SetupLoadedEditorAssemblies (275ms)
				LogAssemblyErrors (0ms)
				InitializePlatformSupportModulesInManaged (5ms)
				SetLoadedEditorAssemblies (0ms)
				RefreshPlugins (58ms)
				BeforeProcessingInitializeOnLoad (1ms)
				ProcessInitializeOnLoadAttributes (155ms)
				ProcessInitializeOnLoadMethodAttributes (55ms)
				AfterProcessingInitializeOnLoad (0ms)
				EditorAssembliesLoaded (0ms)
			ExecutionOrderSort2 (0ms)
			AwakeInstancesAfterBackupRestoration (0ms)
Platform modules already initialized, skipping
Registering precompiled user dll's ...
Registered in 0.004185 seconds.
Begin MonoManager ReloadAssembly
Native extension for WindowsStandalone target not found
Refreshing native plugins compatible for Editor in 0.88 ms, found 0 plugins.
Preloading 0 native plugins for Editor in 0.00 ms.
Mono: successfully reloaded assembly
- Completed reload, in  0.641 seconds
Domain Reload Profiling:
	ReloadAssembly (642ms)
		BeginReloadAssembly (105ms)
			ExecutionOrderSort (0ms)
			DisableScriptedObjects (5ms)
			BackupInstance (0ms)
			ReleaseScriptingObjects (0ms)
			CreateAndSetChildDomain (20ms)
		EndReloadAssembly (457ms)
			LoadAssemblies (64ms)
			RebuildTransferFunctionScriptingTraits (0ms)
			SetupTypeCache (170ms)
			ReleaseScriptCaches (0ms)
			RebuildScriptCaches (29ms)
			SetupLoadedEditorAssemblies (151ms)
				LogAssemblyErrors (0ms)
				InitializePlatformSupportModulesInManaged (4ms)
				SetLoadedEditorAssemblies (0ms)
				RefreshPlugins (1ms)
				BeforeProcessingInitializeOnLoad (35ms)
				ProcessInitializeOnLoadAttributes (92ms)
				ProcessInitializeOnLoadMethodAttributes (16ms)
				AfterProcessingInitializeOnLoad (2ms)
				EditorAssembliesLoaded (0ms)
			ExecutionOrderSort2 (0ms)
			AwakeInstancesAfterBackupRestoration (5ms)
Platform modules already initialized, skipping
========================================================================
Worker process is ready to serve import requests
Failed to load shader (instanceID 404, GUID dd89cf5b9246416f84610a006f916af7)
Failed to load shader (instanceID 406, GUID 14eb328de4b8eb245bb7cea29e4ac00b)
Failed to load shader (instanceID 408, GUID 68e6db2ebdc24f95958faec2be5558d6)
Failed to load shader (instanceID 400, GUID fe393ace9b354375a9cb14cdbbc28be4)
Failed to load shader (instanceID 402, GUID cf81c85f95fe47e1a27f6ae460cf182c)
Failed to load shader (instanceID 398, GUID 9c442dc870b456e48b615cd8add0e9ef)
Failed to load shader (instanceID 414, GUID 85187c2149c549c5b33f0cdb02836b17)
Failed to load shader (instanceID 416, GUID 128e987d567d4e2c824d754223b3f3b0)
Failed to load shader (instanceID 424, GUID f7ada0af4f174f0694ca6a487b8f543d)
Failed to load shader (instanceID 422, GUID c8d12adcee749c344b8117cf7c7eb912)
Failed to load shader (instanceID 418, GUID 1e3b057af24249748ff873be7fafee47)
Launched and connected shader compiler UnityShaderCompiler.exe after 0.04 seconds
Refreshing native plugins compatible for Editor in 0.86 ms, found 0 plugins.
Preloading 0 native plugins for Editor in 0.00 ms.
Unloading 486 Unused Serialized files (Serialized files now loaded: 0)
Unloading 7 unused Assets / (153.4 KB). Loaded Objects now: 950.
Memory consumption went from 37.3 MB to 37.2 MB.
Total: 2.508400 ms (FindLiveObjects: 0.076500 ms CreateObjectMapping: 0.011700 ms MarkObjects: 2.296700 ms  DeleteObjects: 0.122200 ms)

AssetImportParameters requested are different than current active one (requested -> active):
  custom:video-decoder-ogg-theora: a1e56fd34408186e4bbccfd4996cb3dc -> 
  custom:container-muxer-webm: aa71ff27fc2769a1b78a27578f13a17b -> 
  custom:container-demuxer-webm: 4f35f7cbe854078d1ac9338744f61a02 -> 
  custom:video-encoder-webm-vp8: eb34c28f22e8b96e1ab97ce403110664 -> 
  custom:video-codec-MediaFoundation-h265: 746d11721c4dcdbdad8f713fa42b33f4 -> 
  custom:CustomObjectIndexerAttribute: bc11b3a6c3213fcdd17b65e7da85e133 -> 
  custom:audio-encoder-webm-vorbis: bf7c407c2cedff20999df2af8eb42d56 -> 
  custom:framework-win-MediaFoundation: 216162199b28c13a410421893ffa2e32 -> 
  custom:SearchIndexIgnoredProperties: e643bd26f0fe6173181afceb89e7c659 -> 
  custom:container-demuxer-ogg: 62fdf1f143b41e24485cea50d1cbac27 -> 
  custom:video-decoder-webm-vp8: 9c59270c3fd7afecdb556c50c9e8de78 -> 
  custom:audio-decoder-ogg-vorbis: bf7c407c2cedff20999df2af8eb42d56 -> 
========================================================================
Received Import Request.
  Time since last request: 347078.053778 seconds.
  path: Assets/numar de inmatriculare.png
  artifactKey: Guid(cc6602b5220877a4c97b8c20fcef6183) Importer(815301076,1909f56bfc062723c751e8b465ee728b)
Number of updated assets reloaded before import = 0
Start importing Assets/numar de inmatriculare.png using Guid(cc6602b5220877a4c97b8c20fcef6183) Importer(815301076,1909f56bfc062723c751e8b465ee728b)  -> (artifact id: '1a3f627b96e23df62077b7ca15d1e320') in 0.063117 seconds 
Number of asset objects unloaded after import = 2
========================================================================
Received Import Request.
  Time since last request: 186.150327 seconds.
  path: Assets/Resources/ICONIC - Sports Car FREE Vol.02/Prefabs/NoColliders/Samurai_Black_A.prefab
  artifactKey: Guid(696dc1706f22a70439b413abc08a74d5) Importer(815301076,1909f56bfc062723c751e8b465ee728b)
Number of updated assets reloaded before import = 0
Start importing Assets/Resources/ICONIC - Sports Car FREE Vol.02/Prefabs/NoColliders/Samurai_Black_A.prefab using Guid(696dc1706f22a70439b413abc08a74d5) Importer(815301076,1909f56bfc062723c751e8b465ee728b)  -> (artifact id: 'b1b70f8f64be65d4853dda88d5c31a63') in 0.538389 seconds 
Number of asset objects unloaded after import = 39
========================================================================
Received Import Request.
  Time since last request: 0.000030 seconds.
  path: Assets/Resources/ICONIC - Sports Car FREE Vol.02/Prefabs/NoColliders/Samurai_BlueDark_A.prefab
  artifactKey: Guid(d9c619b507ac17f40b1f74a8e4387160) Importer(815301076,1909f56bfc062723c751e8b465ee728b)
Number of updated assets reloaded before import = 0
Start importing Assets/Resources/ICONIC - Sports Car FREE Vol.02/Prefabs/NoColliders/Samurai_BlueDark_A.prefab using Guid(d9c619b507ac17f40b1f74a8e4387160) Importer(815301076,1909f56bfc062723c751e8b465ee728b)  -> (artifact id: '27ea0d8e2cb261f96c4486298224f6b4') in 0.026401 seconds 
Number of asset objects unloaded after import = 39
========================================================================
Received Import Request.
  Time since last request: 0.000031 seconds.
  path: Assets/Resources/ICONIC - Sports Car FREE Vol.02/Prefabs/NoColliders/Samurai_Grey_A.prefab
  artifactKey: Guid(14a890f2057b53f41bcc60580a3acc51) Importer(815301076,1909f56bfc062723c751e8b465ee728b)
Number of updated assets reloaded before import = 0
Start importing Assets/Resources/ICONIC - Sports Car FREE Vol.02/Prefabs/NoColliders/Samurai_Grey_A.prefab using Guid(14a890f2057b53f41bcc60580a3acc51) Importer(815301076,1909f56bfc062723c751e8b465ee728b)  -> (artifact id: '35280ef17ef903ce94d7ab004fb83fb3') in 0.022545 seconds 
Number of asset objects unloaded after import = 39
========================================================================
Received Import Request.
  Time since last request: 0.000013 seconds.
  path: Assets/Resources/ICONIC - Sports Car FREE Vol.02/Prefabs/NoColliders/Samurai_Blue_B.prefab
  artifactKey: Guid(d7ff57183846f2942b42d9f04fe269f2) Importer(815301076,1909f56bfc062723c751e8b465ee728b)
Number of updated assets reloaded before import = 0
Start importing Assets/Resources/ICONIC - Sports Car FREE Vol.02/Prefabs/NoColliders/Samurai_Blue_B.prefab using Guid(d7ff57183846f2942b42d9f04fe269f2) Importer(815301076,1909f56bfc062723c751e8b465ee728b)  -> (artifact id: '813a859c8f653e1a9fdd93566f467245') in 0.026627 seconds 
Number of asset objects unloaded after import = 39
========================================================================
Received Import Request.
  Time since last request: 0.000020 seconds.
  path: Assets/Resources/ICONIC - Sports Car FREE Vol.02/Prefabs/NoColliders/Samurai_Yellow_A.prefab
  artifactKey: Guid(5e33e356e4214f84c8a37b31d9697f0d) Importer(815301076,1909f56bfc062723c751e8b465ee728b)
Number of updated assets reloaded before import = 0
Start importing Assets/Resources/ICONIC - Sports Car FREE Vol.02/Prefabs/NoColliders/Samurai_Yellow_A.prefab using Guid(5e33e356e4214f84c8a37b31d9697f0d) Importer(815301076,1909f56bfc062723c751e8b465ee728b)  -> (artifact id: '0ead1b8290b9635d5ce7ec9c7c19d3c6') in 0.026965 seconds 
Number of asset objects unloaded after import = 39
========================================================================
Received Import Request.
  Time since last request: 0.000027 seconds.
  path: Assets/Resources/ICONIC - Sports Car FREE Vol.02/Prefabs/NoColliders/Samurai_White_A.prefab
  artifactKey: Guid(0722b9eaa9b439347afc2322b91b2f5b) Importer(815301076,1909f56bfc062723c751e8b465ee728b)
Number of updated assets reloaded before import = 0
Start importing Assets/Resources/ICONIC - Sports Car FREE Vol.02/Prefabs/NoColliders/Samurai_White_A.prefab using Guid(0722b9eaa9b439347afc2322b91b2f5b) Importer(815301076,1909f56bfc062723c751e8b465ee728b)  -> (artifact id: 'c2ef12f64df2c80551b2ae1cf5a7d23c') in 0.027811 seconds 
Number of asset objects unloaded after import = 39
========================================================================
Received Import Request.
  Time since last request: 0.000030 seconds.
  path: Assets/Resources/ICONIC - Sports Car FREE Vol.02/Prefabs/NoColliders/Samurai_RedDark_B.prefab
  artifactKey: Guid(c7afb17c3395b8d4a8dab7a5d362acbb) Importer(815301076,1909f56bfc062723c751e8b465ee728b)
Number of updated assets reloaded before import = 0
Start importing Assets/Resources/ICONIC - Sports Car FREE Vol.02/Prefabs/NoColliders/Samurai_RedDark_B.prefab using Guid(c7afb17c3395b8d4a8dab7a5d362acbb) Importer(815301076,1909f56bfc062723c751e8b465ee728b)  -> (artifact id: '1240ad01ade8b82f998a69a02c7e986b') in 0.032123 seconds 
Number of asset objects unloaded after import = 39
Editor requested this worker to shutdown with reason: Scaling down because of idle timeout
AssetImportWorker is now disconnected from the server
Process exiting
Exiting without the bug reporter. Application will terminate with return code 0